<?xml version="1.0" encoding="UTF-8"?>
<!-- Generated by org.testng.reporters.JUnitReportReporter -->
<testsuite skipped="0" hostname="USER-PC" name="testCase.TC_003_PersonalDetails" tests="1" failures="0" timestamp="2020-02-25T10:12:05 CET" time="4.047" errors="0">
  <testcase name="presenceOfPD" time="4.047" classname="testCase.TC_003_PersonalDetails"/>
</testsuite> <!-- testCase.TC_003_PersonalDetails -->
