<?xml version="1.0" encoding="UTF-8"?>
<!-- Generated by org.testng.reporters.JUnitReportReporter -->
<testsuite skipped="0" hostname="USER-PC" name="testCase.TC_005_AddPhotograph" tests="1" failures="0" timestamp="2020-02-27T16:26:59 CET" time="22.702" errors="0">
  <testcase name="uploadPhotograph" time="22.702" classname="testCase.TC_005_AddPhotograph"/>
</testsuite> <!-- testCase.TC_005_AddPhotograph -->
