<?xml version="1.0" encoding="UTF-8"?>
<!-- Generated by org.testng.reporters.JUnitReportReporter -->
<testsuite skipped="0" hostname="USER-PC" name="testCase.TC_003_SowPDetails" tests="1" failures="0" timestamp="2020-02-27T16:26:59 CET" time="6.397" errors="0">
  <testcase name="presenceOfPD" time="6.397" classname="testCase.TC_003_SowPDetails"/>
</testsuite> <!-- testCase.TC_003_SowPDetails -->
