<?xml version="1.0" encoding="UTF-8"?>
<!-- Generated by org.testng.reporters.JUnitReportReporter -->
<testsuite skipped="0" hostname="USER-PC" name="testCase.TC_002_Login" tests="1" failures="0" timestamp="2020-02-26T14:22:35 CET" time="2.640" errors="0">
  <testcase name="login" time="2.640" classname="testCase.TC_002_Login"/>
</testsuite> <!-- testCase.TC_002_Login -->
