<?xml version="1.0" encoding="UTF-8"?>
<!-- Generated by org.testng.reporters.JUnitReportReporter -->
<testsuite skipped="0" hostname="USER-PC" name="testCase.TC_002_Login" tests="1" failures="0" timestamp="2020-02-25T10:12:05 CET" time="3.390" errors="0">
  <testcase name="login" time="3.390" classname="testCase.TC_002_Login"/>
</testsuite> <!-- testCase.TC_002_Login -->
