<?xml version="1.0" encoding="UTF-8"?>
<!-- Generated by org.testng.reporters.JUnitReportReporter -->
<testsuite skipped="0" hostname="USER-PC" name="testCase.TC_004_EditPDetails" tests="1" failures="0" timestamp="2020-02-26T14:22:35 CET" time="8.946" errors="0">
  <testcase name="editPDetails" time="8.946" classname="testCase.TC_004_EditPDetails"/>
</testsuite> <!-- testCase.TC_004_EditPDetails -->
